This is pdfTeX, Version 3.141592653-2.6-1.40.26 (TeX Live 2024) (preloaded format=pdflatex 2025.2.18)  22 FEB 2025 11:15
entering extended mode
 restricted \write18 enabled.
 file:line:error style messages enabled.
 %&-line parsing enabled.
**IEEE_LaTex_example
(./IEEE_LaTex_example.tex
LaTeX2e <2024-11-01> patch level 2
L3 programming layer <2025-01-18>
(c:/texlive/2024/texmf-dist/tex/latex/ieeetran/IEEEtran.cls
Document Class: IEEEtran 2015/08/26 V1.8b by Michael Shell
-- See the "IEEEtran_HOWTO" manual for usage information.
-- http://www.michaelshell.org/tex/ieeetran/
\@IEEEtrantmpdimenA=\dimen141
\@IEEEtrantmpdimenB=\dimen142
\@IEEEtrantmpdimenC=\dimen143
\@IEEEtrantmpcountA=\count196
\@IEEEtrantmpcountB=\count197
\@IEEEtrantmpcountC=\count198
\@IEEEtrantmptoksA=\toks17
LaTeX Font Info:    Trying to load font information for OT1+ptm on input line 503.
(c:/texlive/2024/texmf-dist/tex/latex/psnfss/ot1ptm.fd
File: ot1ptm.fd 2001/06/04 font definitions for OT1/ptm.
)
-- Using 8.5in x 11in (letter) paper.
-- Using PDF output.
\@IEEEnormalsizeunitybaselineskip=\dimen144
-- This is a 10 point document.
\CLASSINFOnormalsizebaselineskip=\dimen145
\CLASSINFOnormalsizeunitybaselineskip=\dimen146
\IEEEnormaljot=\dimen147
LaTeX Font Info:    Font shape `OT1/ptm/bx/n' in size <5> not available
(Font)              Font shape `OT1/ptm/b/n' tried instead on input line 1090.
LaTeX Font Info:    Font shape `OT1/ptm/bx/it' in size <5> not available
(Font)              Font shape `OT1/ptm/b/it' tried instead on input line 1090.
LaTeX Font Info:    Font shape `OT1/ptm/bx/n' in size <7> not available
(Font)              Font shape `OT1/ptm/b/n' tried instead on input line 1090.
LaTeX Font Info:    Font shape `OT1/ptm/bx/it' in size <7> not available
(Font)              Font shape `OT1/ptm/b/it' tried instead on input line 1090.
LaTeX Font Info:    Font shape `OT1/ptm/bx/n' in size <8> not available
(Font)              Font shape `OT1/ptm/b/n' tried instead on input line 1090.
LaTeX Font Info:    Font shape `OT1/ptm/bx/it' in size <8> not available
(Font)              Font shape `OT1/ptm/b/it' tried instead on input line 1090.
LaTeX Font Info:    Font shape `OT1/ptm/bx/n' in size <9> not available
(Font)              Font shape `OT1/ptm/b/n' tried instead on input line 1090.
LaTeX Font Info:    Font shape `OT1/ptm/bx/it' in size <9> not available
(Font)              Font shape `OT1/ptm/b/it' tried instead on input line 1090.
LaTeX Font Info:    Font shape `OT1/ptm/bx/n' in size <10> not available
(Font)              Font shape `OT1/ptm/b/n' tried instead on input line 1090.
LaTeX Font Info:    Font shape `OT1/ptm/bx/it' in size <10> not available
(Font)              Font shape `OT1/ptm/b/it' tried instead on input line 1090.
LaTeX Font Info:    Font shape `OT1/ptm/bx/n' in size <11> not available
(Font)              Font shape `OT1/ptm/b/n' tried instead on input line 1090.
LaTeX Font Info:    Font shape `OT1/ptm/bx/it' in size <11> not available
(Font)              Font shape `OT1/ptm/b/it' tried instead on input line 1090.
LaTeX Font Info:    Font shape `OT1/ptm/bx/n' in size <12> not available
(Font)              Font shape `OT1/ptm/b/n' tried instead on input line 1090.
LaTeX Font Info:    Font shape `OT1/ptm/bx/it' in size <12> not available
(Font)              Font shape `OT1/ptm/b/it' tried instead on input line 1090.
LaTeX Font Info:    Font shape `OT1/ptm/bx/n' in size <17> not available
(Font)              Font shape `OT1/ptm/b/n' tried instead on input line 1090.
LaTeX Font Info:    Font shape `OT1/ptm/bx/it' in size <17> not available
(Font)              Font shape `OT1/ptm/b/it' tried instead on input line 1090.
LaTeX Font Info:    Font shape `OT1/ptm/bx/n' in size <20> not available
(Font)              Font shape `OT1/ptm/b/n' tried instead on input line 1090.
LaTeX Font Info:    Font shape `OT1/ptm/bx/it' in size <20> not available
(Font)              Font shape `OT1/ptm/b/it' tried instead on input line 1090.
LaTeX Font Info:    Font shape `OT1/ptm/bx/n' in size <24> not available
(Font)              Font shape `OT1/ptm/b/n' tried instead on input line 1090.
LaTeX Font Info:    Font shape `OT1/ptm/bx/it' in size <24> not available
(Font)              Font shape `OT1/ptm/b/it' tried instead on input line 1090.
\IEEEquantizedlength=\dimen148
\IEEEquantizedlengthdiff=\dimen149
\IEEEquantizedtextheightdiff=\dimen150
\IEEEilabelindentA=\dimen151
\IEEEilabelindentB=\dimen152
\IEEEilabelindent=\dimen153
\IEEEelabelindent=\dimen154
\IEEEdlabelindent=\dimen155
\IEEElabelindent=\dimen156
\IEEEiednormlabelsep=\dimen157
\IEEEiedmathlabelsep=\dimen158
\IEEEiedtopsep=\skip49
\c@section=\count199
\c@subsection=\count266
\c@subsubsection=\count267
\c@paragraph=\count268
\c@IEEEsubequation=\count269
\abovecaptionskip=\skip50
\belowcaptionskip=\skip51
\c@figure=\count270
\c@table=\count271
\@IEEEeqnnumcols=\count272
\@IEEEeqncolcnt=\count273
\@IEEEsubeqnnumrollback=\count274
\@IEEEquantizeheightA=\dimen159
\@IEEEquantizeheightB=\dimen160
\@IEEEquantizeheightC=\dimen161
\@IEEEquantizeprevdepth=\dimen162
\@IEEEquantizemultiple=\count275
\@IEEEquantizeboxA=\box52
\@IEEEtmpitemindent=\dimen163
\IEEEPARstartletwidth=\dimen164
\c@IEEEbiography=\count276
\@IEEEtranrubishbin=\box53
) (c:/texlive/2024/texmf-dist/tex/latex/slashbox/slashbox.sty
slashbox style by K.Yasuoka, May 1993.
\@slashboxa=\box54
\@slashboxb=\box55
\@slashboxc=\box56
\@slashboxwd=\count277
\@slashboxht=\count278
\@slashsepl=\dimen165
\@slashsepr=\dimen166
) (c:/texlive/2024/texmf-dist/tex/latex/graphics/graphicx.sty
Package: graphicx 2021/09/16 v1.2d Enhanced LaTeX Graphics (DPC,SPQR)
 (c:/texlive/2024/texmf-dist/tex/latex/graphics/keyval.sty
Package: keyval 2022/05/29 v1.15 key=value parser (DPC)
\KV@toks@=\toks18
) (c:/texlive/2024/texmf-dist/tex/latex/graphics/graphics.sty
Package: graphics 2024/08/06 v1.4g Standard LaTeX Graphics (DPC,SPQR)
 (c:/texlive/2024/texmf-dist/tex/latex/graphics/trig.sty
Package: trig 2023/12/02 v1.11 sin cos tan (DPC)
) (c:/texlive/2024/texmf-dist/tex/latex/graphics-cfg/graphics.cfg
File: graphics.cfg 2016/06/04 v1.11 sample graphics configuration
)
Package graphics Info: Driver file: pdftex.def on input line 106.
 (c:/texlive/2024/texmf-dist/tex/latex/graphics-def/pdftex.def
File: pdftex.def 2024/04/13 v1.2c Graphics/color driver for pdftex
))
\Gin@req@height=\dimen167
\Gin@req@width=\dimen168
) (c:/texlive/2024/texmf-dist/tex/latex/psnfss/times.sty
Package: times 2020/03/25 PSNFSS-v9.3 (SPQR) 
) (c:/texlive/2024/texmf-dist/tex/latex/amsmath/amsmath.sty
Package: amsmath 2024/11/05 v2.17t AMS math features
\@mathmargin=\skip52

For additional information on amsmath, use the `?' option.
(c:/texlive/2024/texmf-dist/tex/latex/amsmath/amstext.sty
Package: amstext 2021/08/26 v2.01 AMS text
 (c:/texlive/2024/texmf-dist/tex/latex/amsmath/amsgen.sty
File: amsgen.sty 1999/11/30 v2.0 generic functions
\@emptytoks=\toks19
\ex@=\dimen169
)) (c:/texlive/2024/texmf-dist/tex/latex/amsmath/amsbsy.sty
Package: amsbsy 1999/11/29 v1.2d Bold Symbols
\pmbraise@=\dimen170
) (c:/texlive/2024/texmf-dist/tex/latex/amsmath/amsopn.sty
Package: amsopn 2022/04/08 v2.04 operator names
)
\inf@bad=\count279
LaTeX Info: Redefining \frac on input line 233.
\uproot@=\count280
\leftroot@=\count281
LaTeX Info: Redefining \overline on input line 398.
LaTeX Info: Redefining \colon on input line 409.
\classnum@=\count282
\DOTSCASE@=\count283
LaTeX Info: Redefining \ldots on input line 495.
LaTeX Info: Redefining \dots on input line 498.
LaTeX Info: Redefining \cdots on input line 619.
\Mathstrutbox@=\box57
\strutbox@=\box58
LaTeX Info: Redefining \big on input line 721.
LaTeX Info: Redefining \Big on input line 722.
LaTeX Info: Redefining \bigg on input line 723.
LaTeX Info: Redefining \Bigg on input line 724.
\big@size=\dimen171
LaTeX Font Info:    Redeclaring font encoding OML on input line 742.
LaTeX Font Info:    Redeclaring font encoding OMS on input line 743.
\macc@depth=\count284
LaTeX Info: Redefining \bmod on input line 904.
LaTeX Info: Redefining \pmod on input line 909.
LaTeX Info: Redefining \smash on input line 939.
LaTeX Info: Redefining \relbar on input line 969.
LaTeX Info: Redefining \Relbar on input line 970.
\c@MaxMatrixCols=\count285
\dotsspace@=\muskip17
\c@parentequation=\count286
\dspbrk@lvl=\count287
\tag@help=\toks20
\row@=\count288
\column@=\count289
\maxfields@=\count290
\andhelp@=\toks21
\eqnshift@=\dimen172
\alignsep@=\dimen173
\tagshift@=\dimen174
\tagwidth@=\dimen175
\totwidth@=\dimen176
\lineht@=\dimen177
\@envbody=\toks22
\multlinegap=\skip53
\multlinetaggap=\skip54
\mathdisplay@stack=\toks23
LaTeX Info: Redefining \[ on input line 2953.
LaTeX Info: Redefining \] on input line 2954.
) (c:/texlive/2024/texmf-dist/tex/latex/amsfonts/amssymb.sty
Package: amssymb 2013/01/14 v3.01 AMS font symbols
 (c:/texlive/2024/texmf-dist/tex/latex/amsfonts/amsfonts.sty
Package: amsfonts 2013/01/14 v3.01 Basic AMSFonts support
\symAMSa=\mathgroup4
\symAMSb=\mathgroup5
LaTeX Font Info:    Redeclaring math symbol \hbar on input line 98.
LaTeX Font Info:    Overwriting math alphabet `\mathfrak' in version `bold'
(Font)                  U/euf/m/n --> U/euf/b/n on input line 106.
)) (c:/texlive/2024/texmf-dist/tex/latex/cite/cite.sty
LaTeX Info: Redefining \cite on input line 302.
LaTeX Info: Redefining \nocite on input line 332.
Package: cite 2015/02/27  v 5.5
) (c:/texlive/2024/texmf-dist/tex/latex/subfigure/subfigure.sty
Package: subfigure 2002/03/15 v2.1.5 subfigure package
\subfigtopskip=\skip55
\subfigcapskip=\skip56
\subfigcaptopadj=\dimen178
\subfigbottomskip=\skip57
\subfigcapmargin=\dimen179
\subfiglabelskip=\skip58
\c@subfigure=\count291
\c@lofdepth=\count292
\c@subtable=\count293
\c@lotdepth=\count294

****************************************
* Local config file subfigure.cfg used *
****************************************
(c:/texlive/2024/texmf-dist/tex/latex/subfigure/subfigure.cfg)
\subfig@top=\skip59
\subfig@bottom=\skip60
) (c:/texlive/2024/texmf-dist/tex/latex/sttools/stfloats.sty
Package: stfloats 2017/03/27 v3.3 Improve float mechanism and baselineskip settings
\@dblbotnum=\count295
\c@dblbotnumber=\count296
) (c:/texlive/2024/texmf-dist/tex/latex/booktabs/booktabs.sty
Package: booktabs 2020/01/12 v1.61803398 Publication quality tables
\heavyrulewidth=\dimen180
\lightrulewidth=\dimen181
\cmidrulewidth=\dimen182
\belowrulesep=\dimen183
\belowbottomsep=\dimen184
\aboverulesep=\dimen185
\abovetopsep=\dimen186
\cmidrulesep=\dimen187
\cmidrulekern=\dimen188
\defaultaddspace=\dimen189
\@cmidla=\count297
\@cmidlb=\count298
\@aboverulesep=\dimen190
\@belowrulesep=\dimen191
\@thisruleclass=\count299
\@lastruleclass=\count300
\@thisrulewidth=\dimen192
) (c:/texlive/2024/texmf-dist/tex/latex/url/url.sty
\Urlmuskip=\muskip18
Package: url 2013/09/16  ver 3.4  Verb mode for urls, etc.
) (c:/texlive/2024/texmf-dist/tex/latex/multirow/multirow.sty
Package: multirow 2024/11/12 v2.9 Span multiple rows of a table
\multirow@colwidth=\skip61
\multirow@cntb=\count301
\multirow@dima=\skip62
\bigstrutjot=\dimen193
) (c:/texlive/2024/texmf-dist/tex/latex/tools/afterpage.sty
Package: afterpage 2023/07/04 v1.08 After-Page Package (DPC)
\AP@output=\toks24
\AP@partial=\box59
\AP@footins=\box60
) (c:/texlive/2024/texmf-dist/tex/latex/tabularray/tabularray.sty (c:/texlive/2024/texmf-dist/tex/latex/l3kernel/expl3.sty
Package: expl3 2025-01-18 L3 programming layer (loader) 
 (c:/texlive/2024/texmf-dist/tex/latex/l3backend/l3backend-pdftex.def
File: l3backend-pdftex.def 2024-05-08 L3 backend support: PDF output (pdfTeX)
\l__color_backend_stack_int=\count302
\l__pdf_internal_box=\box61
))
Package: tabularray 2024-02-16 v2024A Typeset tabulars and arrays with LaTeX3
\l__tblr_a_int=\count303
\l__tblr_c_int=\count304
\l__tblr_r_int=\count305
\l__tblr_d_dim=\dimen194
\l__tblr_h_dim=\dimen195
\l__tblr_o_dim=\dimen196
\l__tblr_p_dim=\dimen197
\l__tblr_q_dim=\dimen198
\l__tblr_r_dim=\dimen199
\l__tblr_s_dim=\dimen256
\l__tblr_t_dim=\dimen257
\l__tblr_v_dim=\dimen258
\l__tblr_w_dim=\dimen259
\l__tblr_a_box=\box62
\l__tblr_b_box=\box63
\l__tblr_c_box=\box64
\l__tblr_d_box=\box65
\g__tblr_table_count_int=\count306
\c@rownum=\count307
\c@colnum=\count308
\c@rowcount=\count309
\c@colcount=\count310
\abovesep=\dimen260
\belowsep=\dimen261
\leftsep=\dimen262
\rightsep=\dimen263
\g_tblr_level_int=\count311
\g__tblr_data_row_key_count_int=\count312
\g__tblr_data_column_key_count_int=\count313
\g__tblr_data_cell_key_count_int=\count314
\g__tblr_array_int=\count315
\l__tblr_key_count_int=\count316
\l__tblr_key_quotient_int=\count317
\l__tblr_key_quotient_two_int=\count318
\l__tblr_key_remainder_int=\count319
\g__tblr_data_str_value_count_int=\count320
\rulewidth=\dimen264
\l__tblr_strut_dp_dim=\dimen265
\l__tblr_strut_ht_dim=\dimen266
\g__tblr_cell_wd_dim=\dimen267
\g__tblr_cell_ht_dim=\dimen268
\g__tblr_cell_head_dim=\dimen269
\g__tblr_cell_foot_dim=\dimen270
\l__column_target_dim=\dimen271
\l__tblr_caption_box=\box66
\l__tblr_caption_left_box=\box67
\l__tblr_row_head_box=\box68
\l__tblr_row_foot_box=\box69
\l__tblr_row_head_foot_dim=\dimen272
\tablewidth=\dimen273
\l__tblr_table_firsthead_box=\box70
\l__tblr_table_middlehead_box=\box71
\l__tblr_table_lasthead_box=\box72
\l__tblr_table_firstfoot_box=\box73
\l__tblr_table_middlefoot_box=\box74
\l__tblr_table_lastfoot_box=\box75
\l__tblr_remain_height_dim=\dimen274
\l__tblr_long_from_int=\count321
\l__tblr_long_to_int=\count322
\l__tblr_curr_i_int=\count323
\l__tblr_prev_i_int=\count324
\l__tblr_table_page_int=\count325
\l__tblr_table_head_box=\box76
\l__tblr_table_foot_box=\box77
\l__tblr_table_head_foot_dim=\dimen275
\l__tblr_table_head_body_foot_dim=\dimen276
\l__tblr_table_box=\box78
\l__tblr_table_hlines_box=\box79
\l__tblr_hline_box=\box80
\l__tblr_row_box=\box81
\l__tblr_col_o_wd_dim=\dimen277
\l__tblr_col_b_wd_dim=\dimen278
\l__tblr_hline_leftskip_dim=\dimen279
\l__tblr_hline_rightskip_dim=\dimen280
\l__tblr_row_ht_dim=\dimen281
\l__tblr_row_dp_dim=\dimen282
\l__tblr_row_abovesep_dim=\dimen283
\l__tblr_row_belowsep_dim=\dimen284
\l__tblr_row_vlines_box=\box82
\l__tblr_vline_box=\box83
\l__tblr_cell_box=\box84
\l__row_upper_dim=\dimen285
\l__row_lower_dim=\dimen286
\l__row_vpace_dim=\dimen287
\l__tblr_vline_aboveskip_dim=\dimen288
\l__tblr_vline_belowskip_dim=\dimen289
\l__tblr_cell_wd_dim=\dimen290
\l__tblr_cell_ht_dim=\dimen291
\l__tblr_diag_box=\box85
) (c:/texlive/2024/texmf-dist/tex/latex/algorithm2e/algorithm2e.sty
Package: algorithm2e 2017/07/18 v5.2 algorithms environments
\c@AlgoLine=\count326
 (c:/texlive/2024/texmf-dist/tex/latex/base/ifthen.sty
Package: ifthen 2024/03/16 v1.1e Standard LaTeX ifthen package (DPC)
)
\algocf@hangindent=\skip63
 (c:/texlive/2024/texmf-dist/tex/latex/ifoddpage/ifoddpage.sty
Package: ifoddpage 2022/10/18 v1.2 Conditionals for odd/even page detection
\c@checkoddpage=\count327
) (c:/texlive/2024/texmf-dist/tex/latex/tools/xspace.sty
Package: xspace 2014/10/28 v1.13 Space after command names (DPC,MH)
) (c:/texlive/2024/texmf-dist/tex/latex/relsize/relsize.sty
Package: relsize 2013/03/29 ver 4.1
)
\skiptotal=\skip64
\skiplinenumber=\skip65
\skiprule=\skip66
\skiphlne=\skip67
\skiptext=\skip68
\skiplength=\skip69
\algomargin=\skip70
\skipalgocfslide=\skip71
\algowidth=\dimen292
\inoutsize=\dimen293
\inoutindent=\dimen294
\interspacetitleruled=\dimen295
\interspacealgoruled=\dimen296
\interspacetitleboxruled=\dimen297
\algocf@ruledwidth=\skip72
\algocf@inoutbox=\box86
\algocf@inputbox=\box87
\AlCapSkip=\skip73
\AlCapHSkip=\skip74
\algoskipindent=\skip75
\algocf@nlbox=\box88
\algocf@hangingbox=\box89
\algocf@untilbox=\box90
\algocf@skipuntil=\skip76
\algocf@capbox=\box91
\algocf@lcaptionbox=\skip77
\algoheightruledefault=\skip78
\algoheightrule=\skip79
\algotitleheightruledefault=\skip80
\algotitleheightrule=\skip81
\c@algocfline=\count328
\c@algocfproc=\count329
\c@algocf=\count330
\algocf@algoframe=\box92
\algocf@algobox=\box93
) (./IEEE_LaTex_example.aux)
\openout1 = `IEEE_LaTex_example.aux'.

LaTeX Font Info:    Checking defaults for OML/cmm/m/it on input line 12.
LaTeX Font Info:    ... okay on input line 12.
LaTeX Font Info:    Checking defaults for OMS/cmsy/m/n on input line 12.
LaTeX Font Info:    ... okay on input line 12.
LaTeX Font Info:    Checking defaults for OT1/cmr/m/n on input line 12.
LaTeX Font Info:    ... okay on input line 12.
LaTeX Font Info:    Checking defaults for T1/cmr/m/n on input line 12.
LaTeX Font Info:    ... okay on input line 12.
LaTeX Font Info:    Checking defaults for TS1/cmr/m/n on input line 12.
LaTeX Font Info:    ... okay on input line 12.
LaTeX Font Info:    Checking defaults for OMX/cmex/m/n on input line 12.
LaTeX Font Info:    ... okay on input line 12.
LaTeX Font Info:    Checking defaults for U/cmr/m/n on input line 12.
LaTeX Font Info:    ... okay on input line 12.

-- Lines per column: 58 (exact).
(c:/texlive/2024/texmf-dist/tex/context/base/mkii/supp-pdf.mkii
[Loading MPS to PDF converter (version 2006.09.02).]
\scratchcounter=\count331
\scratchdimen=\dimen298
\scratchbox=\box94
\nofMPsegments=\count332
\nofMParguments=\count333
\everyMPshowfont=\toks25
\MPscratchCnt=\count334
\MPscratchDim=\dimen299
\MPnumerator=\count335
\makeMPintoPDFobject=\count336
\everyMPtoPDFconversion=\toks26
) (c:/texlive/2024/texmf-dist/tex/latex/epstopdf-pkg/epstopdf-base.sty
Package: epstopdf-base 2020-01-24 v2.11 Base part for package epstopdf
Package epstopdf-base Info: Redefining graphics rule for `.eps' on input line 485.
 (c:/texlive/2024/texmf-dist/tex/latex/latexconfig/epstopdf-sys.cfg
File: epstopdf-sys.cfg 2010/07/13 v1.3 Configuration of (r)epstopdf for TeX Live
))

Package epstopdf Info: Source file: <figures/fig1.eps>
(epstopdf)                    date: 2025-02-21 21:06:27
(epstopdf)                    size: 507305 bytes
(epstopdf)             Output file: <figures/fig1-eps-converted-to.pdf>
(epstopdf)                    date: 2025-02-21 21:06:34
(epstopdf)                    size: 165181 bytes
(epstopdf)             Command: <repstopdf --outfile=figures/fig1-eps-converted-to.pdf figures/fig1.eps>
(epstopdf)             \includegraphics on input line 56.
Package epstopdf Info: Output file is already uptodate.
<figures/fig1-eps-converted-to.pdf, id=1, 826.08624pt x 367.3725pt>
File: figures/fig1-eps-converted-to.pdf Graphic file (type pdf)
<use figures/fig1-eps-converted-to.pdf>
Package pdftex.def Info: figures/fig1-eps-converted-to.pdf  used on input line 56.
(pdftex.def)             Requested size: 252.0pt x 112.06805pt.


[1{c:/texlive/2024/texmf-var/fonts/map/pdftex/updmap/pdftex.map}{c:/texlive/2024/texmf-dist/fonts/enc/dvips/base/8r.enc}


 <./figures/fig1-eps-converted-to.pdf>]
LaTeX Font Info:    Trying to load font information for U+msa on input line 82.
 (c:/texlive/2024/texmf-dist/tex/latex/amsfonts/umsa.fd
File: umsa.fd 2013/01/14 v3.01 AMS symbols A
)
LaTeX Font Info:    Trying to load font information for U+msb on input line 82.
 (c:/texlive/2024/texmf-dist/tex/latex/amsfonts/umsb.fd
File: umsb.fd 2013/01/14 v3.01 AMS symbols B
)

Package epstopdf Info: Source file: <Fig2a.eps>
(epstopdf)                    date: 2019-05-26 15:03:30
(epstopdf)                    size: 3720 bytes
(epstopdf)             Output file: <Fig2a-eps-converted-to.pdf>
(epstopdf)                    date: 2025-02-20 19:07:58
(epstopdf)                    size: 6308 bytes
(epstopdf)             Command: <repstopdf --outfile=Fig2a-eps-converted-to.pdf Fig2a.eps>
(epstopdf)             \includegraphics on input line 93.
Package epstopdf Info: Output file is already uptodate.
<Fig2a-eps-converted-to.pdf, id=13, 314.17375pt x 46.1725pt>
File: Fig2a-eps-converted-to.pdf Graphic file (type pdf)
<use Fig2a-eps-converted-to.pdf>
Package pdftex.def Info: Fig2a-eps-converted-to.pdf  used on input line 93.
(pdftex.def)             Requested size: 118.4403pt x 17.40622pt.
Package epstopdf Info: Source file: <Fig2b.eps>
(epstopdf)                    date: 2019-05-26 15:03:30
(epstopdf)                    size: 14939 bytes
(epstopdf)             Output file: <Fig2b-eps-converted-to.pdf>
(epstopdf)                    date: 2025-02-20 19:08:00
(epstopdf)                    size: 19248 bytes
(epstopdf)             Command: <repstopdf --outfile=Fig2b-eps-converted-to.pdf Fig2b.eps>
(epstopdf)             \includegraphics on input line 94.
Package epstopdf Info: Output file is already uptodate.
<Fig2b-eps-converted-to.pdf, id=15, 313.17pt x 233.87375pt>
File: Fig2b-eps-converted-to.pdf Graphic file (type pdf)
<use Fig2b-eps-converted-to.pdf>
Package pdftex.def Info: Fig2b-eps-converted-to.pdf  used on input line 94.
(pdftex.def)             Requested size: 118.4403pt x 88.45183pt.
> Step: init table outer spec.
> Step: parse table options.
> Step: split table.
> Step: init table inner spec.
> Step: parse table inner spec.
> Step: execute table commands.
> Step: calculate cell and line sizes.
LaTeX Font Info:    Trying to load font information for TS1+ptm on input line 246.
(c:/texlive/2024/texmf-dist/tex/latex/psnfss/ts1ptm.fd
File: ts1ptm.fd 2001/06/04 font definitions for TS1/ptm.
)
LaTeX Font Info:    Trying to load font information for OMS+ptm on input line 246.
 (c:/texlive/2024/texmf-dist/tex/latex/psnfss/omsptm.fd
File: omsptm.fd 
)
LaTeX Font Info:    Font shape `OMS/ptm/m/n' in size <8> not available
(Font)              Font shape `OMS/cmsy/m/n' tried instead on input line 246.

Underfull \hbox (badness 10000) in paragraph at lines 246--246
[]\OT1/ptm/m/n/8 Type
 []


Underfull \hbox (badness 10000) in paragraph at lines 246--246
\OT1/ptm/m/n/8 of
 []


Overfull \hbox (3.28578pt too wide) in paragraph at lines 246--246
\OT1/ptm/m/n/8 waves 
 []


Overfull \hbox (11.9171pt too wide) in paragraph at lines 246--246
[]\OT1/ptm/m/n/8 Frequency
 []


Underfull \hbox (badness 10000) in paragraph at lines 246--246
\OT1/ptm/m/n/8 band
 []


Underfull \hbox (badness 10000) in paragraph at lines 246--246
[]\OT1/ptm/m/n/8 MI-
 []


Underfull \hbox (badness 10000) in paragraph at lines 246--246
\OT1/ptm/m/n/8 related
 []


Underfull \hbox (badness 10000) in paragraph at lines 246--246
\OT1/ptm/m/n/8 fre-
 []


Underfull \hbox (badness 10000) in paragraph at lines 246--246
\OT1/ptm/m/n/8 quency
 []


Underfull \hbox (badness 10000) in paragraph at lines 246--246
\OT1/ptm/m/n/8 bands
 []


Overfull \hbox (8.26208pt too wide) in paragraph at lines 246--246
[]\OT1/ptm/m/n/8 Amplitude
 []


Underfull \hbox (badness 10000) in paragraph at lines 246--246
\OT1/ptm/m/n/8 (\TS1/ptm/m/n/8 $\OMS/cmsy/m/n/8 n\OT1/ptm/m/n/8 mu\TS1/ptm/m/n/8 $
 []


Underfull \hbox (badness 6658) in paragraph at lines 246--246
[]\OT1/ptm/m/n/8 Lobe of
 []


Overfull \hbox (0.98157pt too wide) in paragraph at lines 246--246
[]\OT1/ptm/m/n/8 Delta 
 []


Overfull \hbox (24.66223pt too wide) in paragraph at lines 246--246
[]\OT1/ptm/m/n/8 Cortex/Thalamus 
 []


Overfull \hbox (1.86966pt too wide) in paragraph at lines 246--246
[]\OT1/ptm/m/n/8 Theta 
 []


Overfull \hbox (12.33438pt too wide) in paragraph at lines 246--246
[]\OT1/ptm/m/n/8 Hippocampal 
 []


Underfull \hbox (badness 1354) in paragraph at lines 246--246
[]\OT1/ptm/m/n/8 It oc-curs when
 []


Underfull \hbox (badness 7613) in paragraph at lines 246--246
\OT1/ptm/m/n/8 we are dis-ap-
 []


Overfull \hbox (3.20569pt too wide) in paragraph at lines 246--246
[]\OT1/ptm/m/n/8 Alpha 
 []


Underfull \hbox (badness 10000) in paragraph at lines 246--246
[]\OT1/ptm/m/n/8 Parietal
 []


Underfull \hbox (badness 1354) in paragraph at lines 246--246
[]\OT1/ptm/m/n/8 It oc-curs when
 []


Underfull \hbox (badness 2626) in paragraph at lines 246--246
\OT1/ptm/m/n/8 like in rea-son-
 []


Overfull \hbox (8.98157pt too wide) in paragraph at lines 246--246
[]\OT1/ptm/m/n/8 Gamma 
 []


Underfull \hbox (badness 10000) in paragraph at lines 246--246
[]\OT1/ptm/m/n/8 30-
 []


Underfull \hbox (badness 10000) in paragraph at lines 246--246
[]\OT1/ptm/m/n/8 Between
 []


Underfull \hbox (badness 10000) in paragraph at lines 246--246
\OT1/ptm/m/n/8 frontal
 []


Underfull \hbox (badness 10000) in paragraph at lines 246--246
\OT1/ptm/m/n/8 and
 []


Underfull \hbox (badness 10000) in paragraph at lines 246--246
\OT1/ptm/m/n/8 pari-etal
 []


Underfull \hbox (badness 1354) in paragraph at lines 246--246
[]\OT1/ptm/m/n/8 It oc-curs when
 []


Underfull \hbox (badness 10000) in paragraph at lines 246--246
\OT1/ptm/m/n/8 we com-bine
 []


Underfull \hbox (badness 3271) in paragraph at lines 246--246
\OT1/ptm/m/n/8 dif-fer-ent senses
 []


Underfull \hbox (badness 1755) in paragraph at lines 246--246
\OT1/ptm/m/n/8 like sound and
 []

> Step: build the whole table.

Underfull \hbox (badness 10000) in paragraph at lines 246--246
[]\OT1/ptm/m/n/8 Type
 []


Underfull \hbox (badness 10000) in paragraph at lines 246--246
\OT1/ptm/m/n/8 of
 []


Overfull \hbox (3.28578pt too wide) in paragraph at lines 246--246
\OT1/ptm/m/n/8 waves 
 []


Overfull \hbox (11.9171pt too wide) in paragraph at lines 246--246
[]\OT1/ptm/m/n/8 Frequency
 []


Underfull \hbox (badness 10000) in paragraph at lines 246--246
\OT1/ptm/m/n/8 band
 []


Underfull \hbox (badness 10000) in paragraph at lines 246--246
[]\OT1/ptm/m/n/8 MI-
 []


Underfull \hbox (badness 10000) in paragraph at lines 246--246
\OT1/ptm/m/n/8 related
 []


Underfull \hbox (badness 10000) in paragraph at lines 246--246
\OT1/ptm/m/n/8 fre-
 []


Underfull \hbox (badness 10000) in paragraph at lines 246--246
\OT1/ptm/m/n/8 quency
 []


Underfull \hbox (badness 10000) in paragraph at lines 246--246
\OT1/ptm/m/n/8 bands
 []


Overfull \hbox (8.26208pt too wide) in paragraph at lines 246--246
[]\OT1/ptm/m/n/8 Amplitude
 []


Underfull \hbox (badness 10000) in paragraph at lines 246--246
\OT1/ptm/m/n/8 (\TS1/ptm/m/n/8 $\OMS/cmsy/m/n/8 n\OT1/ptm/m/n/8 mu\TS1/ptm/m/n/8 $
 []


Underfull \hbox (badness 6658) in paragraph at lines 246--246
[]\OT1/ptm/m/n/8 Lobe of
 []


Overfull \hbox (0.98157pt too wide) in paragraph at lines 246--246
[]\OT1/ptm/m/n/8 Delta 
 []


Overfull \hbox (24.66223pt too wide) in paragraph at lines 246--246
[]\OT1/ptm/m/n/8 Cortex/Thalamus 
 []


Overfull \hbox (1.86966pt too wide) in paragraph at lines 246--246
[]\OT1/ptm/m/n/8 Theta 
 []


Overfull \hbox (12.33438pt too wide) in paragraph at lines 246--246
[]\OT1/ptm/m/n/8 Hippocampal 
 []


Underfull \hbox (badness 1354) in paragraph at lines 246--246
[]\OT1/ptm/m/n/8 It oc-curs when
 []


Underfull \hbox (badness 7613) in paragraph at lines 246--246
\OT1/ptm/m/n/8 we are dis-ap-
 []


Overfull \hbox (3.20569pt too wide) in paragraph at lines 246--246
[]\OT1/ptm/m/n/8 Alpha 
 []


Underfull \hbox (badness 10000) in paragraph at lines 246--246
[]\OT1/ptm/m/n/8 Parietal
 []


Underfull \hbox (badness 1354) in paragraph at lines 246--246
[]\OT1/ptm/m/n/8 It oc-curs when
 []


Underfull \hbox (badness 2626) in paragraph at lines 246--246
\OT1/ptm/m/n/8 like in rea-son-
 []


Overfull \hbox (8.98157pt too wide) in paragraph at lines 246--246
[]\OT1/ptm/m/n/8 Gamma 
 []


Underfull \hbox (badness 10000) in paragraph at lines 246--246
[]\OT1/ptm/m/n/8 30-
 []


Underfull \hbox (badness 10000) in paragraph at lines 246--246
[]\OT1/ptm/m/n/8 Between
 []


Underfull \hbox (badness 10000) in paragraph at lines 246--246
\OT1/ptm/m/n/8 frontal
 []


Underfull \hbox (badness 10000) in paragraph at lines 246--246
\OT1/ptm/m/n/8 and
 []


Underfull \hbox (badness 10000) in paragraph at lines 246--246
\OT1/ptm/m/n/8 pari-etal
 []


Underfull \hbox (badness 1354) in paragraph at lines 246--246
[]\OT1/ptm/m/n/8 It oc-curs when
 []


Underfull \hbox (badness 10000) in paragraph at lines 246--246
\OT1/ptm/m/n/8 we com-bine
 []


Underfull \hbox (badness 3271) in paragraph at lines 246--246
\OT1/ptm/m/n/8 dif-fer-ent senses
 []


Underfull \hbox (badness 1755) in paragraph at lines 246--246
\OT1/ptm/m/n/8 like sound and
 []



[2 <./Fig2a-eps-converted-to.pdf> <./Fig2b-eps-converted-to.pdf>]
Package epstopdf Info: Source file: <figures/fig2.eps>
(epstopdf)                    date: 2025-02-21 21:06:16
(epstopdf)                    size: 206868 bytes
(epstopdf)             Output file: <figures/fig2-eps-converted-to.pdf>
(epstopdf)                    date: 2025-02-21 21:06:36
(epstopdf)                    size: 129593 bytes
(epstopdf)             Command: <repstopdf --outfile=figures/fig2-eps-converted-to.pdf figures/fig2.eps>
(epstopdf)             \includegraphics on input line 277.
Package epstopdf Info: Output file is already uptodate.
<figures/fig2-eps-converted-to.pdf, id=28, 482.80376pt x 479.7925pt>
File: figures/fig2-eps-converted-to.pdf Graphic file (type pdf)
<use figures/fig2-eps-converted-to.pdf>
Package pdftex.def Info: figures/fig2-eps-converted-to.pdf  used on input line 277.
(pdftex.def)             Requested size: 252.0pt x 250.43062pt.



Underfull \vbox (badness 10000) has occurred while \output is active []



[3 <./figures/fig2-eps-converted-to.pdf>]

Package epstopdf Info: Source file: <figures/fig3.eps>
(epstopdf)                    date: 2025-02-22 09:24:07
(epstopdf)                    size: 147651 bytes
(epstopdf)             Output file: <figures/fig3-eps-converted-to.pdf>
(epstopdf)                    date: 2025-02-22 10:42:17
(epstopdf)                    size: 100486 bytes
(epstopdf)             Command: <repstopdf --outfile=figures/fig3-eps-converted-to.pdf figures/fig3.eps>
(epstopdf)             \includegraphics on input line 324.
Package epstopdf Info: Output file is already uptodate.
<figures/fig3-eps-converted-to.pdf, id=34, 720.6925pt x 409.53pt>
File: figures/fig3-eps-converted-to.pdf Graphic file (type pdf)
<use figures/fig3-eps-converted-to.pdf>
Package pdftex.def Info: figures/fig3-eps-converted-to.pdf  used on input line 324.
(pdftex.def)             Requested size: 252.0pt x 143.19391pt.


[4 <./figures/fig3-eps-converted-to.pdf>]
> Step: init table outer spec.
> Step: parse table options.
> Step: split table.
> Step: init table inner spec.
> Step: parse table inner spec.
> Step: execute table commands.
> Step: calculate cell and line sizes.

Underfull \hbox (badness 5133) in paragraph at lines 371--371
[]\OT1/ptm/m/n/8 Feature ex-
 []


Underfull \hbox (badness 10000) in paragraph at lines 371--371
\OT1/ptm/m/n/8 Local characteristic-scale
 []


Underfull \hbox (badness 3118) in paragraph at lines 371--371
[]\OT1/ptm/m/n/8 Time-frequency do-
 []


Underfull \hbox (badness 10000) in paragraph at lines 371--371
[]\OT1/ptm/m/n/8 Short-time Fourier trans-form
 []


Underfull \hbox (badness 10000) in paragraph at lines 371--371
\OT1/ptm/m/n/8 Discrete wavelet trans-form
 []


Underfull \hbox (badness 10000) in paragraph at lines 371--371
[]\OT1/ptm/m/n/8 Feature
 []


Underfull \hbox (badness 10000) in paragraph at lines 371--371
[]\OT1/ptm/m/n/8 Statistical
 []


Underfull \hbox (badness 10000) in paragraph at lines 371--371
[]\OT1/ptm/m/n/8 Principal com-po-nent anal-y-sis
 []


Underfull \hbox (badness 3000) in paragraph at lines 371--371
\OT1/ptm/m/n/8 Discriminant fil-ter bank CSP
 []


Underfull \hbox (badness 2818) in paragraph at lines 371--371
\OT1/ptm/m/n/8 Sparse fil-ter bank CSP (SF-
 []


Underfull \hbox (badness 10000) in paragraph at lines 371--371
[]\OT1/ptm/m/n/8 Evolutionary
 []


Underfull \hbox (badness 10000) in paragraph at lines 371--371
[]\OT1/ptm/m/n/8 Particle swarm op-ti-miza-tion
 []


Overfull \hbox (2.20743pt too wide) in paragraph at lines 371--371
[]\OT1/ptm/m/n/8 Classification 
 []


Underfull \hbox (badness 10000) in paragraph at lines 371--371
[]\OT1/ptm/m/n/8 Support-vector ma-chines
 []


Underfull \hbox (badness 10000) in paragraph at lines 371--371
\OT1/ptm/m/n/8 Linear dis-crim-i-nant anal-y-sis
 []

> Step: build the whole table.

Underfull \hbox (badness 5133) in paragraph at lines 371--371
[]\OT1/ptm/m/n/8 Feature ex-
 []


Underfull \hbox (badness 10000) in paragraph at lines 371--371
\OT1/ptm/m/n/8 Local characteristic-scale
 []


Underfull \hbox (badness 3118) in paragraph at lines 371--371
[]\OT1/ptm/m/n/8 Time-frequency do-
 []


Underfull \hbox (badness 10000) in paragraph at lines 371--371
[]\OT1/ptm/m/n/8 Short-time Fourier trans-form
 []


Underfull \hbox (badness 10000) in paragraph at lines 371--371
\OT1/ptm/m/n/8 Discrete wavelet trans-form
 []


Underfull \hbox (badness 10000) in paragraph at lines 371--371
[]\OT1/ptm/m/n/8 Feature
 []


Underfull \hbox (badness 10000) in paragraph at lines 371--371
[]\OT1/ptm/m/n/8 Statistical
 []


Underfull \hbox (badness 10000) in paragraph at lines 371--371
[]\OT1/ptm/m/n/8 Principal com-po-nent anal-y-sis
 []


Underfull \hbox (badness 3000) in paragraph at lines 371--371
\OT1/ptm/m/n/8 Discriminant fil-ter bank CSP
 []


Underfull \hbox (badness 2818) in paragraph at lines 371--371
\OT1/ptm/m/n/8 Sparse fil-ter bank CSP (SF-
 []


Underfull \hbox (badness 10000) in paragraph at lines 371--371
[]\OT1/ptm/m/n/8 Evolutionary
 []


Underfull \hbox (badness 10000) in paragraph at lines 371--371
[]\OT1/ptm/m/n/8 Particle swarm op-ti-miza-tion
 []


Overfull \hbox (2.20743pt too wide) in paragraph at lines 371--371
[]\OT1/ptm/m/n/8 Classification 
 []


Underfull \hbox (badness 10000) in paragraph at lines 371--371
[]\OT1/ptm/m/n/8 Support-vector ma-chines
 []


Underfull \hbox (badness 10000) in paragraph at lines 371--371
\OT1/ptm/m/n/8 Linear dis-crim-i-nant anal-y-sis
 []




Underfull \vbox (badness 10000) has occurred while \output is active []



[5] (./IEEE_LaTex_example.bbl



[6]

)

[7] (./IEEE_LaTex_example.aux)
 ***********
LaTeX2e <2024-11-01> patch level 2
L3 programming layer <2025-01-18>
 ***********
 ) 
Here is how much of TeX's memory you used:
 7211 strings out of 473201
 137387 string characters out of 5720299
 601264 words of memory out of 5000000
 30382 multiletter control sequences out of 15000+600000
 600177 words of font info for 115 fonts, out of 8000000 for 9000
 1141 hyphenation exceptions out of 8191
 65i,8n,96p,1811b,1008s stack positions out of 10000i,1000n,20000p,200000b,200000s
<c:/texlive/2024/texmf-dist/fonts/type1/public/amsfonts/cm/cmmi10.pfb><c:/texlive/2024/texmf-dist/fonts/type1/public/amsfonts/cm/cmsy7.pfb><c:/texlive/2024/texmf-dist/fonts/type1/public/amsfonts/cm/cmsy8.pfb><c:/texlive/2024/texmf-dist/fonts/type1/urw/times/utmb8a.pfb><c:/texlive/2024/texmf-dist/fonts/type1/urw/times/utmbi8a.pfb><c:/texlive/2024/texmf-dist/fonts/type1/urw/times/utmr8a.pfb><c:/texlive/2024/texmf-dist/fonts/type1/urw/times/utmri8a.pfb>
Output written on IEEE_LaTex_example.pdf (7 pages, 532623 bytes).
PDF statistics:
 83 PDF objects out of 1000 (max. 8388607)
 47 compressed objects within 1 object stream
 0 named destinations out of 1000 (max. 500000)
 38 words of extra memory for PDF output out of 10000 (max. 10000000)

